[04:18:15] [main/INFO]: Loading Minecraft 1.21 with Fabric Loader 0.16.3
[04:18:15] [main/INFO]: Loading 4 mods:
	- fabricloader 0.16.3
	   \-- mixinextras 0.4.1
	- java 21
	- minecraft 1.21
[04:18:15] [main/INFO]: SpongePowered MIXIN Subsystem Version=0.8.7 Source=file:/workspaces/Servidor/servidor_minecraft/libraries/net/fabricmc/sponge-mixin/0.15.2+mixin.0.8.7/sponge-mixin-0.15.2+mixin.0.8.7.jar Service=Knot/Fabric Env=SERVER
[04:18:22] [main/INFO]: Environment: Environment[sessionHost=https://sessionserver.mojang.com, servicesHost=https://api.minecraftservices.com, name=PROD]
[04:18:23] [main/INFO]: No existing world data, creating new world
[04:18:23] [main/INFO]: Loaded 1290 recipes
[04:18:24] [main/INFO]: Loaded 1399 advancements
[04:18:24] [Server thread/INFO]: Starting minecraft server version 1.21
[04:18:24] [Server thread/INFO]: Loading properties
[04:18:24] [Server thread/INFO]: Default game type: SURVIVAL
[04:18:24] [Server thread/INFO]: Generating keypair
[04:18:24] [Server thread/INFO]: Starting Minecraft server on *:25565
[04:18:24] [Server thread/INFO]: Using epoll channel type
[04:18:24] [Server thread/WARN]: **** SERVER IS RUNNING IN OFFLINE/INSECURE MODE!
[04:18:24] [Server thread/WARN]: The server will make no attempt to authenticate usernames. Beware.
[04:18:24] [Server thread/WARN]: While this makes the game possible to play without internet access, it also opens up the ability for hackers to connect with any username they choose.
[04:18:24] [Server thread/WARN]: To change this, set "online-mode" to "true" in the server.properties file.
[04:18:25] [Server thread/INFO]: Preparing level "world"
[04:18:31] [Server thread/INFO]: Preparing start region for dimension minecraft:overworld
[04:18:31] [Worker-Main-2/INFO]: Preparing spawn area: 2%
[04:18:32] [Worker-Main-1/INFO]: Preparing spawn area: 2%
[04:18:32] [Worker-Main-3/INFO]: Preparing spawn area: 2%
[04:18:33] [Worker-Main-3/INFO]: Preparing spawn area: 2%
[04:18:33] [Worker-Main-3/INFO]: Preparing spawn area: 18%
[04:18:34] [Worker-Main-3/INFO]: Preparing spawn area: 18%
[04:18:34] [Worker-Main-3/INFO]: Preparing spawn area: 22%
[04:18:35] [Worker-Main-2/INFO]: Preparing spawn area: 51%
[04:18:35] [Worker-Main-3/INFO]: Preparing spawn area: 51%
[04:18:36] [Worker-Main-1/INFO]: Preparing spawn area: 63%
[04:18:36] [Server thread/INFO]: Time elapsed: 4619 ms
[04:18:36] [Server thread/INFO]: Done (11.179s)! For help, type "help"
[04:18:51] [Server thread/INFO]: Grikoxfher[/127.211.100.207:50609] logged in with entity id 92 at (218.5, 72.0, 154.5)
[04:18:51] [Server thread/INFO]: Grikoxfher joined the game
[04:20:37] [Server thread/INFO]: Grikoxfher lost connection: Disconnected
[04:20:37] [Server thread/INFO]: Grikoxfher left the game
[04:21:02] [Server thread/INFO]: Stopping the server
[04:21:02] [Server thread/INFO]: Stopping server
[04:21:02] [Server thread/INFO]: Saving players
[04:21:02] [Server thread/INFO]: Saving worlds
[04:21:02] [Server thread/INFO]: Saving chunks for level 'ServerLevel[world]'/minecraft:overworld
[04:21:02] [Server thread/INFO]: Saving chunks for level 'ServerLevel[world]'/minecraft:the_nether
[04:21:02] [Server thread/INFO]: Saving chunks for level 'ServerLevel[world]'/minecraft:the_end
[04:21:02] [Server thread/INFO]: ThreadedAnvilChunkStorage (world): All chunks are saved
[04:21:02] [Server thread/INFO]: ThreadedAnvilChunkStorage (DIM-1): All chunks are saved
[04:21:02] [Server thread/INFO]: ThreadedAnvilChunkStorage (DIM1): All chunks are saved
[04:21:02] [Server thread/INFO]: ThreadedAnvilChunkStorage: All dimensions are saved
